<?xml version="1.0" encoding="UTF-8"?>
<!-- Generated by org.testng.reporters.JUnitXMLReporter -->
<testsuite hostname="DESKTOP-9RKPRPI" ignored="0" name="Test1" tests="4" failures="3" timestamp="09 Sep 2019 07:49:17 GMT" time="13.313" errors="0">
  <testcase name="DashBoard" time="0.046" classname="geet.com.org.pune.SeleniumFramework1.WordPress">
    <failure type="java.lang.NullPointerException">
      <![CDATA[java.lang.NullPointerException
at org.openqa.selenium.support.pagefactory.DefaultElementLocator.findElement(DefaultElementLocator.java:69)
at org.openqa.selenium.support.pagefactory.internal.LocatingElementHandler.invoke(LocatingElementHandler.java:38)
at com.sun.proxy.$Proxy8.click(Unknown Source)
at geet.com.org.pune.SeleniumFramework1.DashboardWordClass.dashwordfunction(DashboardWordClass.java:31)
at geet.com.org.pune.SeleniumFramework1.WordPress.DashBoard(WordPress.java:52)
at java.util.concurrent.FutureTask.run(FutureTask.java:266)
at java.util.concurrent.ThreadPoolExecutor.runWorker(ThreadPoolExecutor.java:1149)
at java.util.concurrent.ThreadPoolExecutor$Worker.run(ThreadPoolExecutor.java:624)
at java.lang.Thread.run(Thread.java:748)
... Removed 16 stack frames]]>
    </failure>
  </testcase> <!-- DashBoard -->
  <testcase name="Loginwordpress" time="0.008" classname="geet.com.org.pune.SeleniumFramework1.WordPress">
    <failure type="java.lang.NullPointerException">
      <![CDATA[java.lang.NullPointerException
at geet.com.org.pune.SeleniumFramework1.LoginWordpressClass.LoginWordPressFunctions(LoginWordpressClass.java:21)
at geet.com.org.pune.SeleniumFramework1.WordPress.Loginwordpress(WordPress.java:45)
at java.util.concurrent.FutureTask.run(FutureTask.java:266)
at java.util.concurrent.ThreadPoolExecutor.runWorker(ThreadPoolExecutor.java:1149)
at java.util.concurrent.ThreadPoolExecutor$Worker.run(ThreadPoolExecutor.java:624)
at java.lang.Thread.run(Thread.java:748)
... Removed 16 stack frames]]>
    </failure>
  </testcase> <!-- Loginwordpress -->
  <testcase name="afterTest" time="5.004" classname="geet.com.org.pune.SeleniumFramework1.WordPress">
    <failure type="java.lang.NullPointerException">
      <![CDATA[java.lang.NullPointerException
at geet.com.org.pune.SeleniumFramework1.WordPress.afterTest(WordPress.java:58)
at java.util.concurrent.FutureTask.run(FutureTask.java:266)
at java.util.concurrent.ThreadPoolExecutor.runWorker(ThreadPoolExecutor.java:1149)
at java.util.concurrent.ThreadPoolExecutor$Worker.run(ThreadPoolExecutor.java:624)
at java.lang.Thread.run(Thread.java:748)
... Removed 16 stack frames]]>
    </failure>
  </testcase> <!-- afterTest -->
  <testcase name="setup" time="8.191" classname="geet.com.org.pune.SeleniumFramework1.WordPress"/>
</testsuite> <!-- Test1 -->
